12:17:30 **** Incremental Build of configuration Debug for project Mi Biblioteca ****
make all 
Building file: ../src/Mi Biblioteca.c
Invoking: GCC C Compiler
gcc -O0 -g3 -Wall -c -fmessage-length=0 -MMD -MP -MF"src/Mi Biblioteca.d" -MT"src/Mi Biblioteca.o" -o "src/Mi Biblioteca.o" "../src/Mi Biblioteca.c"
Finished building: ../src/Mi Biblioteca.c
 
Building target: Mi Biblioteca
Invoking: GCC C Linker
gcc  -o "Mi Biblioteca"  ./src/Matriz.o ./src/Mi\ Biblioteca.o ./src/Mi-utn.o ./src/Operar.o ./src/Pedir.o ./src/Txt.o   
Finished building target: Mi Biblioteca
 
12:17:35 **** Incremental Build of configuration Debug for project Mi Biblioteca ****
make all 
make: No se hace nada para 'all'.
12:18:35 **** Incremental Build of configuration Debug for project Mi Biblioteca ****
make all 
Building file: ../src/Mi Biblioteca.c
Invoking: GCC C Compiler
gcc -O0 -g3 -Wall -c -fmessage-length=0 -MMD -MP -MF"src/Mi Biblioteca.d" -MT"src/Mi Biblioteca.o" -o "src/Mi Biblioteca.o" "../src/Mi Biblioteca.c"
Finished building: ../src/Mi Biblioteca.c
 
Building target: Mi Biblioteca
Invoking: GCC C Linker
gcc  -o "Mi Biblioteca"  ./src/Matriz.o ./src/Mi\ Biblioteca.o ./src/Mi-utn.o ./src/Operar.o ./src/Pedir.o ./src/Txt.o   
Finished building target: Mi Biblioteca
 
